#
# A fatal error has been detected by the Java Runtime Environment:
#
#  Internal Error (javaClasses.cpp:137), pid=41816, tid=40988
#  fatal error: Invalid layout of preloaded class
#
# JRE version:  (7.0_80-b15) (build )
# Java VM: Java HotSpot(TM) 64-Bit Server VM (24.80-b11 mixed mode windows-amd64 compressed oops)
# Failed to write core dump. Minidumps are not enabled by default on client versions of Windows
#
# If you would like to submit a bug report, please visit:
#   http://bugreport.java.com/bugreport/crash.jsp
#

---------------  T H R E A D  ---------------

Current thread (0x00000000020a0800):  JavaThread "Unknown thread" [_thread_in_vm, id=40988, stack(0x0000000001c80000,0x0000000001d80000)]

Stack: [0x0000000001c80000,0x0000000001d80000]

---------------  P R O C E S S  ---------------

Java Threads: ( => current thread )

Other Threads:

=>0x00000000020a0800 (exited) JavaThread "Unknown thread" [_thread_in_vm, id=40988, stack(0x0000000001c80000,0x0000000001d80000)]

VM state:not at safepoint (not fully initialized)

VM Mutex/Monitor currently owned by a thread: None

GC Heap History (0 events):
No events

Deoptimization events (0 events):
No events

Internal exceptions (0 events):
No events

Events (10 events):
Event: 0.009 loading class 0x00000000020e4c20 done
Event: 0.009 loading class 0x00000000020e4620 done
Event: 0.009 loading class 0x00000000020e4600
Event: 0.009 loading class 0x00000000020ec740
Event: 0.009 loading class 0x00000000020ec740 done
Event: 0.009 loading class 0x00000000020ec770
Event: 0.009 loading class 0x00000000020ec770 done
Event: 0.009 loading class 0x00000000020ec7a0
Event: 0.009 loading class 0x00000000020ec7a0 done
Event: 0.009 loading class 0x00000000020e4600 done


Dynamic libraries:
0x00007ff79bed0000 - 0x00007ff79bf03000 	C:\Program Files\Java\jre7u80\bin\javaw.exe
0x00007ff9a0570000 - 0x00007ff9a0716000 	C:\Windows\SYSTEM32\ntdll.dll
0x00007ff9a0100000 - 0x00007ff9a023a000 	C:\Windows\system32\KERNEL32.DLL
0x00007ff99da10000 - 0x00007ff99db1f000 	C:\Windows\system32\KERNELBASE.dll
0x00007ff99c510000 - 0x00007ff99c598000 	C:\Windows\system32\apphelp.dll
0x00007ff9996a0000 - 0x00007ff9996ef000 	C:\Windows\AppPatch\AppPatch64\AcGenral.DLL
0x00007ff99de00000 - 0x00007ff99dea7000 	C:\Windows\system32\msvcrt.dll
0x00007ff99d6d0000 - 0x00007ff99d6fb000 	C:\Windows\SYSTEM32\SspiCli.dll
0x00007ff9a0240000 - 0x00007ff9a0291000 	C:\Windows\system32\SHLWAPI.dll
0x00007ff99f9d0000 - 0x00007ff99fb41000 	C:\Windows\system32\USER32.dll
0x00007ff99f850000 - 0x00007ff99f9c8000 	C:\Windows\system32\ole32.dll
0x00007ff99deb0000 - 0x00007ff99f2bf000 	C:\Windows\system32\SHELL32.dll
0x00007ff99cef0000 - 0x00007ff99cf0e000 	C:\Windows\SYSTEM32\USERENV.dll
0x00007ff99fd10000 - 0x00007ff99fdb5000 	C:\Windows\system32\ADVAPI32.dll
0x00007ff993c30000 - 0x00007ff993c4b000 	C:\Windows\SYSTEM32\MPR.dll
0x00007ff99f710000 - 0x00007ff99f847000 	C:\Windows\system32\RPCRT4.dll
0x00007ff99f2c0000 - 0x00007ff99f317000 	C:\Windows\SYSTEM32\sechost.dll
0x00007ff99fe80000 - 0x00007ff9a0056000 	C:\Windows\SYSTEM32\combase.dll
0x00007ff99fbb0000 - 0x00007ff99fcf4000 	C:\Windows\system32\GDI32.dll
0x00007ff99d8f0000 - 0x00007ff99d904000 	C:\Windows\SYSTEM32\profapi.dll
0x00007ff99bf20000 - 0x00007ff99bfbf000 	C:\Windows\SYSTEM32\SHCORE.dll
0x00007ff99f350000 - 0x00007ff99f384000 	C:\Windows\system32\IMM32.DLL
0x00007ff9a0380000 - 0x00007ff9a04b9000 	C:\Windows\system32\MSCTF.dll
0x00007ff99bad0000 - 0x00007ff99bd2a000 	C:\Windows\WinSxS\amd64_microsoft.windows.common-controls_6595b64144ccf1df_6.0.9600.17031_none_6242a4b3ecbb55a1\COMCTL32.dll
0x00000000589d0000 - 0x0000000058aa2000 	C:\Program Files\Java\jre7u80\bin\msvcr100.dll
0x00000000581f0000 - 0x00000000589c9000 	C:\Program Files\Java\jre7u80\bin\server\jvm.dll
0x00007ff99c430000 - 0x00007ff99c439000 	C:\Windows\SYSTEM32\WSOCK32.dll
0x00007ff99a3e0000 - 0x00007ff99a3ff000 	C:\Windows\SYSTEM32\WINMM.dll
0x00007ff9a0310000 - 0x00007ff9a0317000 	C:\Windows\system32\PSAPI.DLL
0x00007ff9a0320000 - 0x00007ff9a0378000 	C:\Windows\system32\WS2_32.dll
0x00007ff999730000 - 0x00007ff99975a000 	C:\Windows\SYSTEM32\WINMMBASE.dll
0x00007ff9a02a0000 - 0x00007ff9a02a9000 	C:\Windows\system32\NSI.dll
0x00007ff99db20000 - 0x00007ff99db6a000 	C:\Windows\SYSTEM32\cfgmgr32.dll
0x00007ff99c770000 - 0x00007ff99c796000 	C:\Windows\SYSTEM32\DEVOBJ.dll
0x00000000581e0000 - 0x00000000581ef000 	C:\Program Files\Java\jre7u80\bin\verify.dll
0x00000000581b0000 - 0x00000000581d8000 	C:\Program Files\Java\jre7u80\bin\java.dll
0x0000000058190000 - 0x00000000581a6000 	C:\Program Files\Java\jre7u80\bin\zip.dll

VM Arguments:
jvm_args: -Dfile.encoding=GBK -Xbootclasspath:F:\Android\adt-bundle-windows-x86_64-20140702\sdk\platforms\android-14\android.jar 
java_command: com.example.shu.entities.food
Launcher Type: SUN_STANDARD

Environment Variables:
JAVA_HOME=C:\Program Files\Java\jdk1.7.0_80
CLASSPATH=D:\testpackage
PATH=C:\Program Files (x86)\Intel\iCLS Client\;C:\Program Files\Intel\iCLS Client\;C:\Program Files (x86)\NVIDIA Corporation\PhysX\Common;C:\Windows\system32;C:\Windows;C:\Windows\System32\Wbem;C:\Windows\System32\WindowsPowerShell\v1.0\;C:\Program Files (x86)\Acer\abFiles\;C:\Program Files\Intel\Intel(R) Management Engine Components\DAL;C:\Program Files (x86)\Intel\Intel(R) Management Engine Components\DAL;C:\Program Files\Intel\Intel(R) Management Engine Components\IPT;C:\Program Files (x86)\Intel\Intel(R) Management Engine Components\IPT;C:\Program Files\Java\jdk1.7.0_80\bin;
USERNAME=acer
OS=Windows_NT
PROCESSOR_IDENTIFIER=Intel64 Family 6 Model 61 Stepping 4, GenuineIntel



---------------  S Y S T E M  ---------------

OS: Windows 8.1 , 64 bit Build 9600 

CPU:total 4 (2 cores per cpu, 2 threads per core) family 6 model 61 stepping 4, cmov, cx8, fxsr, mmx, sse, sse2, sse3, ssse3, sse4.1, sse4.2, popcnt, avx, avx2, aes, erms, ht, tsc, tscinvbit

Memory: 4k page, physical 4106576k(1160344k free), swap 4958544k(746924k free)

vm_info: Java HotSpot(TM) 64-Bit Server VM (24.80-b11) for windows-amd64 JRE (1.7.0_80-b15), built on Apr 10 2015 11:26:34 by "java_re" with unknown MS VC++:1600

time: Tue Dec 22 19:13:47 2015
elapsed time: 0 seconds

